<?xml version="1.0" encoding="UTF-8"?>
<testng-results ignored="0" total="1" passed="1" failed="0" skipped="0">
  <reporter-output>
  </reporter-output>
  <suite started-at="2024-03-21T09:55:46 IST" name="Default suite" finished-at="2024-03-21T09:56:07 IST" duration-ms="20685">
    <groups>
    </groups>
    <test started-at="2024-03-21T09:55:46 IST" name="Default test" finished-at="2024-03-21T09:56:07 IST" duration-ms="20685">
      <class name="Web_Table.TableWithCheckbox">
        <test-method signature="ExecuteWebTable()[pri:0, instance:Web_Table.TableWithCheckbox@1c7696c6]" started-at="2024-03-21T09:55:46 IST" name="ExecuteWebTable" finished-at="2024-03-21T09:56:07 IST" duration-ms="20599" status="PASS">
          <reporter-output>
          </reporter-output>
        </test-method> <!-- ExecuteWebTable -->
      </class> <!-- Web_Table.TableWithCheckbox -->
    </test> <!-- Default test -->
  </suite> <!-- Default suite -->
</testng-results>
