<?xml version="1.0" encoding="UTF-8"?>
<testng-results ignored="0" total="1" passed="1" failed="0" skipped="0">
  <reporter-output>
  </reporter-output>
  <suite started-at="2024-03-21T01:01:31 IST" name="Default suite" finished-at="2024-03-21T01:01:44 IST" duration-ms="12838">
    <groups>
    </groups>
    <test started-at="2024-03-21T01:01:31 IST" name="Default test" finished-at="2024-03-21T01:01:44 IST" duration-ms="12838">
      <class name="Web_Table.SelectAllDataFromTheColumns">
        <test-method signature="ExecuteWebTable()[pri:0, instance:Web_Table.SelectAllDataFromTheColumns@1c7696c6]" started-at="2024-03-21T01:01:31 IST" name="ExecuteWebTable" finished-at="2024-03-21T01:01:44 IST" duration-ms="12751" status="PASS">
          <reporter-output>
          </reporter-output>
        </test-method> <!-- ExecuteWebTable -->
      </class> <!-- Web_Table.SelectAllDataFromTheColumns -->
    </test> <!-- Default test -->
  </suite> <!-- Default suite -->
</testng-results>
